Der Buildvorgang wurde am 28.03.2017 17:22:39 gestartet.
     1>Projekt "C:\Users\cplusplus\Desktop\projekte\qt\Day7\Day7.vcxproj" auf Knoten "2", Build Ziel(e).
     1>PreBuildEvent:
         setlocal
         cd C:\Users\cplusplus\Desktop\projekte\qt\Day7
         if %errorlevel% neq 0 goto :cmEnd
         C:
         if %errorlevel% neq 0 goto :cmEnd
         "C:\Program Files (x86)\CMake\bin\cmake.exe" -E cmake_autogen C:/Users/cplusplus/Desktop/projekte/qt/Day7/CMakeFiles/Day7_automoc.dir/ Debug
         if %errorlevel% neq 0 goto :cmEnd
         :cmEnd
         endlocal & call :cmErrorLevel %errorlevel% & goto :cmDone
         :cmErrorLevel
         exit /b %1
         :cmDone
         if %errorlevel% neq 0 goto :VCEnd
         :VCEnd
       ClCompile:
         C:\Program Files (x86)\Microsoft Visual Studio 12.0\VC\bin\CL.exe /c /IC:\Users\cplusplus\Desktop\projekte\qt\Day7 /IC:\Users\cplusplus\Desktop\projekte\qt\Day7\..\include /IC:\Qt\5.3\msvc2013\include /IC:\Qt\5.3\msvc2013\include\QtWidgets /IC:\Qt\5.3\msvc2013\include\QtGui /IC:\Qt\5.3\msvc2013\include\QtANGLE /IC:\Qt\5.3\msvc2013\include\QtCore /I"C:\Qt\5.3\msvc2013\mkspecs\win32-msvc2013" /IC:\Qt\5.3\msvc2013\include\QtSql /IC:\Qt\5.3\msvc2013\include\QtXml /IC:\Qt\5.3\msvc2013\include\QtXmlPatterns /IC:\Qt\5.3\msvc2013\include\QtNetwork /Zi /nologo /W3 /WX- /Od /Ob0 /Oy- /D WIN32 /D _WINDOWS /D _DEBUG /D QT_WIDGETS_LIB /D QT_GUI_LIB /D QT_CORE_LIB /D QT_SQL_LIB /D QT_XML_LIB /D QT_XMLPATTERNS_LIB /D QT_NETWORK_LIB /D "CMAKE_INTDIR=\"Debug\"" /D _MBCS /Gm- /EHsc /RTC1 /MDd /GS /fp:precise /Zc:wchar_t /Zc:forScope /GR /Fo"Day7.dir\Debug\\" /Fd"Day7.dir\Debug\vc120.pdb" /Gd /TP /analyze- /errorReport:prompt C:\Users\cplusplus\Desktop\projekte\qt\Day7\sortdialog.cpp C:\Users\cplusplus\Desktop\projekte\qt\Day7\workerthread.cpp
         sortdialog.cpp
         workerthread.cpp
         Code wird generiert...
       Link:
         C:\Program Files (x86)\Microsoft Visual Studio 12.0\VC\bin\link.exe /ERRORREPORT:PROMPT /OUT:"C:\Users\cplusplus\Desktop\projekte\qt\Day7\Debug\Day7.exe" /INCREMENTAL /NOLOGO kernel32.lib user32.lib gdi32.lib winspool.lib shell32.lib ole32.lib oleaut32.lib uuid.lib comdlg32.lib advapi32.lib C:\Qt\5.3\msvc2013\lib\Qt5Widgetsd.lib C:\Qt\5.3\msvc2013\lib\Qt5Guid.lib C:\Qt\5.3\msvc2013\lib\Qt5Sqld.lib C:\Qt\5.3\msvc2013\lib\Qt5Xmld.lib C:\Qt\5.3\msvc2013\lib\Qt5XmlPatternsd.lib C:\Qt\5.3\msvc2013\lib\Qt5Networkd.lib C:\Qt\5.3\msvc2013\lib\Qt5Cored.lib /MANIFEST /MANIFESTUAC:"level='asInvoker' uiAccess='false'" /manifest:embed /DEBUG /PDB:"C:/Users/cplusplus/Desktop/projekte/qt/Day7/Debug/Day7.pdb" /SUBSYSTEM:CONSOLE /TLBID:1 /DYNAMICBASE /NXCOMPAT /IMPLIB:"C:/Users/cplusplus/Desktop/projekte/qt/Day7/Debug/Day7.lib" /MACHINE:X86 /SAFESEH  /machine:X86 /debug Day7.dir\Debug\main.obj
         Day7.dir\Debug\mainwindow.obj
         Day7.dir\Debug\sortdialog.obj
         Day7.dir\Debug\workerthread.obj
         Day7.dir\Debug\Day7_automoc.obj
         Day7.vcxproj -> C:\Users\cplusplus\Desktop\projekte\qt\Day7\Debug\Day7.exe
     1>Die Erstellung des Projekts "C:\Users\cplusplus\Desktop\projekte\qt\Day7\Day7.vcxproj" ist abgeschlossen, Build Ziel(e).

Build erfolgreich.

Verstrichene Zeit 00:00:03.45
